<?xml version="1.0" encoding="UTF-8"?>
<!-- Generated by org.testng.reporters.JUnitXMLReporter -->
<testsuite ignored="3" hostname="DESKTOP-346RFLV" failures="0" tests="1" name="Functional Testing(failed)" time="0.118" errors="0" timestamp="2022-10-11T19:27:50 EDT">
  <testcase classname="testNG.revision.testcases.SecondTestCase" name="searchCustomer" time="0.024"/>
  <testcase classname="testNG.revision.testcases.SecondTestCase" name="setup" time="0.0">
    <ignored/>
  </testcase> <!-- setup -->
  <testcase classname="testNG.revision.testcases.SecondTestCase" name="tearDown" time="0.0">
    <ignored/>
  </testcase> <!-- tearDown -->
  <testcase classname="testNG.revision.testcases.SecondTestCase" name="addCustomer" time="0.0">
    <ignored/>
  </testcase> <!-- addCustomer -->
</testsuite> <!-- Functional Testing(failed) -->
