<?xml version="1.0" encoding="UTF-8"?>
<!-- Generated by org.testng.reporters.JUnitXMLReporter -->
<testsuite ignored="0" hostname="DESKTOP-346RFLV" failures="0" tests="3" name="Parallel Test" time="41.872" errors="0" timestamp="2022-10-12T15:25:42 EDT">
  <testcase classname="parallelTesting.ParallelTest1" name="logoTest" time="3.096"/>
  <testcase classname="parallelTesting.ParallelTest2" name="loginTest" time="33.352"/>
  <testcase classname="parallelTesting.ParallelTest1" name="titleTest" time="3.027"/>
</testsuite> <!-- Parallel Test -->
