<?xml version="1.0" encoding="UTF-8"?>
<!-- Generated by org.testng.reporters.JUnitXMLReporter -->
<testsuite ignored="3" hostname="DESKTOP-346RFLV" failures="0" tests="2" name="Grouping Tests" time="0.128" errors="0" timestamp="2022-10-12T00:07:30 EDT">
  <testcase classname="testNG.annotations.testcases.GroupingExample" name="Test3" time="0.018"/>
  <testcase classname="testNG.annotations.testcases.GroupingExample" name="Test4" time="0.007"/>
  <testcase classname="testNG.annotations.testcases.GroupingExample" name="Test2" time="0.0">
    <ignored/>
  </testcase> <!-- Test2 -->
  <testcase classname="testNG.annotations.testcases.GroupingExample" name="Test5" time="0.0">
    <ignored/>
  </testcase> <!-- Test5 -->
  <testcase classname="testNG.annotations.testcases.GroupingExample" name="Test1" time="0.0">
    <ignored/>
  </testcase> <!-- Test1 -->
</testsuite> <!-- Grouping Tests -->
