<?xml version="1.0" encoding="UTF-8"?>
<!-- Generated by org.testng.reporters.JUnitXMLReporter -->
<testsuite ignored="0" hostname="DESKTOP-346RFLV" failures="0" tests="2" name="Parameters Test1" time="24.392" errors="0" timestamp="2022-10-12T11:23:21 EDT">
  <testcase classname="testNG.assertions.testcases.ParametersExample" name="logoTest" time="0.498"/>
  <testcase classname="testNG.assertions.testcases.ParametersExample" name="titleTest" time="0.027"/>
</testsuite> <!-- Parameters Test1 -->
