<?xml version="1.0" encoding="UTF-8"?>
<!-- Generated by org.testng.reporters.JUnitXMLReporter -->
<testsuite ignored="0" hostname="DESKTOP-346RFLV" failures="0" tests="2" name="Parameters Test2" time="21.861" errors="0" timestamp="2022-10-12T11:23:42 EDT">
  <testcase classname="testNG.assertions.testcases.ParametersExample" name="logoTest" time="0.717"/>
  <testcase classname="testNG.assertions.testcases.ParametersExample" name="titleTest" time="0.142"/>
</testsuite> <!-- Parameters Test2 -->
