<?xml version="1.0" encoding="UTF-8"?>
<!-- Generated by org.testng.reporters.JUnitXMLReporter -->
<testsuite ignored="0" hostname="DESKTOP-346RFLV" failures="0" tests="4" name="Annotation Testing" time="0.155" errors="0" timestamp="2022-10-11T23:03:58 EDT">
  <testcase classname="testNG.annotations.testcases.AnnotationsDemo1" name="login" time="0.009"/>
  <testcase classname="testNG.annotations.testcases.AnnotationsDemo1" name="createAccount" time="0.004"/>
  <testcase classname="testNG.annotations.testcases.AnnotationsDemo2" name="addCust" time="0.003"/>
  <testcase classname="testNG.annotations.testcases.AnnotationsDemo2" name="SearchCust" time="0.003"/>
</testsuite> <!-- Annotation Testing -->
