<?xml version="1.0" encoding="UTF-8"?>
<!-- Generated by org.testng.reporters.JUnitXMLReporter -->
<testsuite ignored="1" hostname="DESKTOP-346RFLV" failures="0" tests="6" name="Functional Testing" time="0.195" errors="0" timestamp="2022-10-11T23:19:00 EDT">
  <testcase classname="testNG.annotations.testcases.FirstTestCase" name="setUp" time="0.018"/>
  <testcase classname="testNG.annotations.testcases.FirstTestCase" name="login" time="0.007"/>
  <testcase classname="testNG.annotations.testcases.FirstTestCase" name="tearDown" time="0.007"/>
  <testcase classname="testNG.annotations.testcases.SecondTestCase" name="setup" time="0.007"/>
  <testcase classname="testNG.annotations.testcases.SecondTestCase" name="addCustomer" time="0.005"/>
  <testcase classname="testNG.annotations.testcases.SecondTestCase" name="searchCustomer" time="0.006"/>
  <testcase classname="testNG.annotations.testcases.SecondTestCase" name="tearDown" time="0.0">
    <ignored/>
  </testcase> <!-- tearDown -->
</testsuite> <!-- Functional Testing -->
