<?xml version="1.0" encoding="UTF-8"?>
<!-- Generated by org.testng.reporters.JUnitXMLReporter -->
<testsuite ignored="0" hostname="DESKTOP-346RFLV" failures="1" tests="3" name="Listener Test Demo" time="0.193" errors="0" timestamp="2022-10-12T18:16:49 EDT">
  <testcase classname="listeners.ListenerTest" name="test1" time="0.028"/>
  <testcase classname="listeners.ListenerTest" name="test2" time="0.032">
    <failure type="java.lang.AssertionError" message="expected [b] but found [a]">
      <![CDATA[java.lang.AssertionError: expected [b] but found [a]
at listeners.ListenerTest.test2(ListenerTest.java:22)
at java.base/java.util.ArrayList.forEach(ArrayList.java:1511)
... Removed 33 stack frames]]>
    </failure>
  </testcase> <!-- test2 -->
  <testcase classname="listeners.ListenerTest" name="test3" time="0.009">
    <skipped/>
  </testcase> <!-- test3 -->
</testsuite> <!-- Listener Test Demo -->
