<?xml version="1.0" encoding="UTF-8"?>
<!-- Generated by org.testng.reporters.JUnitXMLReporter -->
<testsuite ignored="0" hostname="DESKTOP-346RFLV" failures="1" tests="6" name="AssertionTest" time="13.299" errors="0" timestamp="2022-10-14T13:20:19 EDT">
  <testcase classname="testNG.assertions.testcases.AssertionExample" name="logoTest" time="0.142"/>
  <testcase classname="testNG.assertions.testcases.AssertionExample" name="titleTest" time="0.042">
    <skipped/>
  </testcase> <!-- titleTest -->
  <testcase classname="testNG.assertions.testcases.AssertionExample" name="titleTest" time="0.154">
    <skipped/>
  </testcase> <!-- titleTest -->
  <testcase classname="testNG.assertions.testcases.AssertionExample" name="titleTest" time="0.014">
    <skipped/>
  </testcase> <!-- titleTest -->
  <testcase classname="testNG.assertions.testcases.AssertionExample" name="titleTest" time="0.014">
    <skipped/>
  </testcase> <!-- titleTest -->
  <testcase classname="testNG.assertions.testcases.AssertionExample" name="titleTest" time="0.013">
    <failure type="java.lang.AssertionError" message="Title match failed expected [DollarDays | 123Bulk Goods for Nonprofits, Businesses &amp;amp; Schools | Wholesale Products] but found [DollarDays | Bulk Goods for Nonprofits, Businesses &amp;amp; Schools | Wholesale Products]">
      <![CDATA[java.lang.AssertionError: Title match failed expected [DollarDays | 123Bulk Goods for Nonprofits, Businesses & Schools | Wholesale Products] but found [DollarDays | Bulk Goods for Nonprofits, Businesses & Schools | Wholesale Products]
at testNG.assertions.testcases.AssertionExample.titleTest(AssertionExample.java:37)
at java.base/java.util.ArrayList.forEach(ArrayList.java:1511)
... Removed 32 stack frames]]>
    </failure>
  </testcase> <!-- titleTest -->
</testsuite> <!-- AssertionTest -->
